<?xml version="1.0" encoding="UTF-8"?>
<!-- Generated by org.testng.reporters.JUnitXMLReporter -->
<testsuite ignored="0" hostname="DESKTOP-E0A3S66" failures="0" tests="3" name="LoginPage Test_FF_57" time="20.161" errors="0" timestamp="27 Jun 2021 05:47:14 GMT">
  <testcase classname="com.qa.hubspot.base.BaseTest" name="@BeforeTest setUp" time="0.0">
    <failure type="org.testng.TestNGException" message="
Parameter &amp;apos;version&amp;apos; is required by BeforeTest on method setUp but has not been marked @Optional or defined
in C:\Users\Ganga\Downloads\2020_Ecomm_app_Framework_Full_Code\Sept2020POMSeries\src\test\resources\testrunners\testng_regression.xml">
      <![CDATA[org.testng.TestNGException: 
Parameter 'version' is required by BeforeTest on method setUp but has not been marked @Optional or defined
in C:\Users\Ganga\Downloads\2020_Ecomm_app_Framework_Full_Code\Sept2020POMSeries\src\test\resources\testrunners\testng_regression.xml
at java.base/java.util.concurrent.FutureTask.run(FutureTask.java:264)
at java.base/java.util.concurrent.ThreadPoolExecutor.runWorker(ThreadPoolExecutor.java:1128)
at java.base/java.util.concurrent.ThreadPoolExecutor$Worker.run(ThreadPoolExecutor.java:628)
at java.base/java.lang.Thread.run(Thread.java:834)
... Removed 12 stack frames]]>
    </failure>
  </testcase> <!-- @BeforeTest setUp -->
  <testcase classname="com.qa.hubspot.tests.AccountsPageTest" name="@BeforeClass AccountsPageSetUp" time="0.0">
    <skipped/>
  </testcase> <!-- @BeforeClass AccountsPageSetUp -->
  <testcase classname="com.qa.hubspot.base.BaseTest" name="@AfterTest tearDown" time="0.0">
    <skipped/>
  </testcase> <!-- @AfterTest tearDown -->
  <testcase classname="com.qa.hubspot.tests.LoginPageTest" name="verifyLoginPageTitleTest" time="0.033"/>
  <testcase classname="com.qa.hubspot.tests.LoginPageTest" name="verifyForgotPwdLinkTest" time="1.583"/>
  <testcase classname="com.qa.hubspot.tests.LoginPageTest" name="loginTest" time="8.779"/>
</testsuite> <!-- LoginPage Test_FF_57 -->
